[2014-10-13 02:24:40] production.ERROR: exception 'ErrorException' with message 'file_put_contents(/home/craig/www/smartadmin/app/storage/views/bcaacc21a7940dff584cf4a7699960c9): failed to open stream: No such file or directory' in /home/craig/www/smartadmin/vendor/laravel/framework/src/Illuminate/Filesystem/Filesystem.php:69
Stack trace:
#0 [internal function]: Illuminate\Exception\Handler->handleError(2, 'file_put_conten...', '/home/craig/www...', 69, Array)
#1 /home/craig/www/smartadmin/vendor/laravel/framework/src/Illuminate/Filesystem/Filesystem.php(69): file_put_contents('/home/craig/www...', '<?php $__env->s...')
#2 /home/craig/www/smartadmin/vendor/laravel/framework/src/Illuminate/View/Compilers/BladeCompiler.php(80): Illuminate\Filesystem\Filesystem->put('/home/craig/www...', '<?php $__env->s...')
#3 /home/craig/www/smartadmin/vendor/laravel/framework/src/Illuminate/View/Engines/CompilerEngine.php(48): Illuminate\View\Compilers\BladeCompiler->compile('/home/craig/www...')
#4 /home/craig/www/smartadmin/vendor/laravel/framework/src/Illuminate/View/View.php(134): Illuminate\View\Engines\CompilerEngine->get('/home/craig/www...', Array)
#5 /home/craig/www/smartadmin/vendor/laravel/framework/src/Illuminate/View/View.php(102): Illuminate\View\View->getContents()
#6 /home/craig/www/smartadmin/vendor/laravel/framework/src/Illuminate/View/View.php(76): Illuminate\View\View->renderContents()
#7 /home/craig/www/smartadmin/vendor/laravel/framework/src/Illuminate/Http/Response.php(43): Illuminate\View\View->render()
#8 /home/craig/www/smartadmin/vendor/symfony/http-foundation/Symfony/Component/HttpFoundation/Response.php(202): Illuminate\Http\Response->setContent(Object(Illuminate\View\View))
#9 /home/craig/www/smartadmin/vendor/laravel/framework/src/Illuminate/Routing/Router.php(1496): Symfony\Component\HttpFoundation\Response->__construct(Object(Illuminate\View\View))
#10 /home/craig/www/smartadmin/vendor/laravel/framework/src/Illuminate/Routing/Router.php(1031): Illuminate\Routing\Router->prepareResponse(Object(Illuminate\Http\Request), Object(Illuminate\View\View))
#11 /home/craig/www/smartadmin/vendor/laravel/framework/src/Illuminate/Routing/Router.php(996): Illuminate\Routing\Router->dispatchToRoute(Object(Illuminate\Http\Request))
#12 /home/craig/www/smartadmin/vendor/laravel/framework/src/Illuminate/Foundation/Application.php(775): Illuminate\Routing\Router->dispatch(Object(Illuminate\Http\Request))
#13 /home/craig/www/smartadmin/vendor/laravel/framework/src/Illuminate/Foundation/Application.php(745): Illuminate\Foundation\Application->dispatch(Object(Illuminate\Http\Request))
#14 /home/craig/www/smartadmin/vendor/laravel/framework/src/Illuminate/Session/Middleware.php(72): Illuminate\Foundation\Application->handle(Object(Illuminate\Http\Request), 1, true)
#15 /home/craig/www/smartadmin/vendor/laravel/framework/src/Illuminate/Cookie/Queue.php(47): Illuminate\Session\Middleware->handle(Object(Illuminate\Http\Request), 1, true)
#16 /home/craig/www/smartadmin/vendor/laravel/framework/src/Illuminate/Cookie/Guard.php(51): Illuminate\Cookie\Queue->handle(Object(Illuminate\Http\Request), 1, true)
#17 /home/craig/www/smartadmin/vendor/stack/builder/src/Stack/StackedHttpKernel.php(23): Illuminate\Cookie\Guard->handle(Object(Illuminate\Http\Request), 1, true)
#18 /home/craig/www/smartadmin/vendor/laravel/framework/src/Illuminate/Foundation/Application.php(641): Stack\StackedHttpKernel->handle(Object(Illuminate\Http\Request))
#19 /home/craig/www/smartadmin/index.php(49): Illuminate\Foundation\Application->run()
#20 {main} [] []
[2014-10-13 02:24:40] production.ERROR: exception 'ErrorException' with message 'file_put_contents(/home/craig/www/smartadmin/app/storage/sessions/d5548b2767564440605bdd56c4fe0d83cf606f50): failed to open stream: No such file or directory' in /home/craig/www/smartadmin/vendor/laravel/framework/src/Illuminate/Filesystem/Filesystem.php:69
Stack trace:
#0 [internal function]: Illuminate\Exception\Handler->handleError(2, 'file_put_conten...', '/home/craig/www...', 69, Array)
#1 /home/craig/www/smartadmin/vendor/laravel/framework/src/Illuminate/Filesystem/Filesystem.php(69): file_put_contents('/home/craig/www...', 'a:4:{s:6:"_toke...')
#2 /home/craig/www/smartadmin/vendor/laravel/framework/src/Illuminate/Session/FileSessionHandler.php(69): Illuminate\Filesystem\Filesystem->put('/home/craig/www...', 'a:4:{s:6:"_toke...')
#3 /home/craig/www/smartadmin/vendor/laravel/framework/src/Illuminate/Session/Store.php(236): Illuminate\Session\FileSessionHandler->write('d5548b276756444...', 'a:4:{s:6:"_toke...')
#4 /home/craig/www/smartadmin/vendor/laravel/framework/src/Illuminate/Session/Middleware.php(126): Illuminate\Session\Store->save()
#5 /home/craig/www/smartadmin/vendor/laravel/framework/src/Illuminate/Session/Middleware.php(79): Illuminate\Session\Middleware->closeSession(Object(Illuminate\Session\Store))
#6 /home/craig/www/smartadmin/vendor/laravel/framework/src/Illuminate/Cookie/Queue.php(47): Illuminate\Session\Middleware->handle(Object(Illuminate\Http\Request), 1, true)
#7 /home/craig/www/smartadmin/vendor/laravel/framework/src/Illuminate/Cookie/Guard.php(51): Illuminate\Cookie\Queue->handle(Object(Illuminate\Http\Request), 1, true)
#8 /home/craig/www/smartadmin/vendor/stack/builder/src/Stack/StackedHttpKernel.php(23): Illuminate\Cookie\Guard->handle(Object(Illuminate\Http\Request), 1, true)
#9 /home/craig/www/smartadmin/vendor/laravel/framework/src/Illuminate/Foundation/Application.php(641): Stack\StackedHttpKernel->handle(Object(Illuminate\Http\Request))
#10 /home/craig/www/smartadmin/index.php(49): Illuminate\Foundation\Application->run()
#11 {main} [] []
[2014-10-13 02:24:55] production.ERROR: exception 'ErrorException' with message 'file_put_contents(/home/craig/www/smartadmin/app/storage/views/bcaacc21a7940dff584cf4a7699960c9): failed to open stream: No such file or directory' in /home/craig/www/smartadmin/vendor/laravel/framework/src/Illuminate/Filesystem/Filesystem.php:69
Stack trace:
#0 [internal function]: Illuminate\Exception\Handler->handleError(2, 'file_put_conten...', '/home/craig/www...', 69, Array)
#1 /home/craig/www/smartadmin/vendor/laravel/framework/src/Illuminate/Filesystem/Filesystem.php(69): file_put_contents('/home/craig/www...', '<?php $__env->s...')
#2 /home/craig/www/smartadmin/vendor/laravel/framework/src/Illuminate/View/Compilers/BladeCompiler.php(80): Illuminate\Filesystem\Filesystem->put('/home/craig/www...', '<?php $__env->s...')
#3 /home/craig/www/smartadmin/vendor/laravel/framework/src/Illuminate/View/Engines/CompilerEngine.php(48): Illuminate\View\Compilers\BladeCompiler->compile('/home/craig/www...')
#4 /home/craig/www/smartadmin/vendor/laravel/framework/src/Illuminate/View/View.php(134): Illuminate\View\Engines\CompilerEngine->get('/home/craig/www...', Array)
#5 /home/craig/www/smartadmin/vendor/laravel/framework/src/Illuminate/View/View.php(102): Illuminate\View\View->getContents()
#6 /home/craig/www/smartadmin/vendor/laravel/framework/src/Illuminate/View/View.php(76): Illuminate\View\View->renderContents()
#7 /home/craig/www/smartadmin/vendor/laravel/framework/src/Illuminate/Http/Response.php(43): Illuminate\View\View->render()
#8 /home/craig/www/smartadmin/vendor/symfony/http-foundation/Symfony/Component/HttpFoundation/Response.php(202): Illuminate\Http\Response->setContent(Object(Illuminate\View\View))
#9 /home/craig/www/smartadmin/vendor/laravel/framework/src/Illuminate/Routing/Router.php(1496): Symfony\Component\HttpFoundation\Response->__construct(Object(Illuminate\View\View))
#10 /home/craig/www/smartadmin/vendor/laravel/framework/src/Illuminate/Routing/Router.php(1031): Illuminate\Routing\Router->prepareResponse(Object(Illuminate\Http\Request), Object(Illuminate\View\View))
#11 /home/craig/www/smartadmin/vendor/laravel/framework/src/Illuminate/Routing/Router.php(996): Illuminate\Routing\Router->dispatchToRoute(Object(Illuminate\Http\Request))
#12 /home/craig/www/smartadmin/vendor/laravel/framework/src/Illuminate/Foundation/Application.php(775): Illuminate\Routing\Router->dispatch(Object(Illuminate\Http\Request))
#13 /home/craig/www/smartadmin/vendor/laravel/framework/src/Illuminate/Foundation/Application.php(745): Illuminate\Foundation\Application->dispatch(Object(Illuminate\Http\Request))
#14 /home/craig/www/smartadmin/vendor/laravel/framework/src/Illuminate/Session/Middleware.php(72): Illuminate\Foundation\Application->handle(Object(Illuminate\Http\Request), 1, true)
#15 /home/craig/www/smartadmin/vendor/laravel/framework/src/Illuminate/Cookie/Queue.php(47): Illuminate\Session\Middleware->handle(Object(Illuminate\Http\Request), 1, true)
#16 /home/craig/www/smartadmin/vendor/laravel/framework/src/Illuminate/Cookie/Guard.php(51): Illuminate\Cookie\Queue->handle(Object(Illuminate\Http\Request), 1, true)
#17 /home/craig/www/smartadmin/vendor/stack/builder/src/Stack/StackedHttpKernel.php(23): Illuminate\Cookie\Guard->handle(Object(Illuminate\Http\Request), 1, true)
#18 /home/craig/www/smartadmin/vendor/laravel/framework/src/Illuminate/Foundation/Application.php(641): Stack\StackedHttpKernel->handle(Object(Illuminate\Http\Request))
#19 /home/craig/www/smartadmin/index.php(49): Illuminate\Foundation\Application->run()
#20 {main} [] []
[2014-10-13 02:25:10] production.ERROR: exception 'Symfony\Component\HttpKernel\Exception\NotFoundHttpException' in /home/craig/www/smartadmin/vendor/laravel/framework/src/Illuminate/Routing/RouteCollection.php:148
Stack trace:
#0 /home/craig/www/smartadmin/vendor/laravel/framework/src/Illuminate/Routing/Router.php(1049): Illuminate\Routing\RouteCollection->match(Object(Illuminate\Http\Request))
#1 /home/craig/www/smartadmin/vendor/laravel/framework/src/Illuminate/Routing/Router.php(1017): Illuminate\Routing\Router->findRoute(Object(Illuminate\Http\Request))
#2 /home/craig/www/smartadmin/vendor/laravel/framework/src/Illuminate/Routing/Router.php(996): Illuminate\Routing\Router->dispatchToRoute(Object(Illuminate\Http\Request))
#3 /home/craig/www/smartadmin/vendor/laravel/framework/src/Illuminate/Foundation/Application.php(775): Illuminate\Routing\Router->dispatch(Object(Illuminate\Http\Request))
#4 /home/craig/www/smartadmin/vendor/laravel/framework/src/Illuminate/Foundation/Application.php(745): Illuminate\Foundation\Application->dispatch(Object(Illuminate\Http\Request))
#5 /home/craig/www/smartadmin/vendor/laravel/framework/src/Illuminate/Session/Middleware.php(72): Illuminate\Foundation\Application->handle(Object(Illuminate\Http\Request), 1, true)
#6 /home/craig/www/smartadmin/vendor/laravel/framework/src/Illuminate/Cookie/Queue.php(47): Illuminate\Session\Middleware->handle(Object(Illuminate\Http\Request), 1, true)
#7 /home/craig/www/smartadmin/vendor/laravel/framework/src/Illuminate/Cookie/Guard.php(51): Illuminate\Cookie\Queue->handle(Object(Illuminate\Http\Request), 1, true)
#8 /home/craig/www/smartadmin/vendor/stack/builder/src/Stack/StackedHttpKernel.php(23): Illuminate\Cookie\Guard->handle(Object(Illuminate\Http\Request), 1, true)
#9 /home/craig/www/smartadmin/vendor/laravel/framework/src/Illuminate/Foundation/Application.php(641): Stack\StackedHttpKernel->handle(Object(Illuminate\Http\Request))
#10 /home/craig/www/smartadmin/index.php(49): Illuminate\Foundation\Application->run()
#11 {main} [] []
[2014-10-13 02:25:10] production.ERROR: exception 'Symfony\Component\HttpKernel\Exception\NotFoundHttpException' in /home/craig/www/smartadmin/vendor/laravel/framework/src/Illuminate/Routing/RouteCollection.php:148
Stack trace:
#0 /home/craig/www/smartadmin/vendor/laravel/framework/src/Illuminate/Routing/Router.php(1049): Illuminate\Routing\RouteCollection->match(Object(Illuminate\Http\Request))
#1 /home/craig/www/smartadmin/vendor/laravel/framework/src/Illuminate/Routing/Router.php(1017): Illuminate\Routing\Router->findRoute(Object(Illuminate\Http\Request))
#2 /home/craig/www/smartadmin/vendor/laravel/framework/src/Illuminate/Routing/Router.php(996): Illuminate\Routing\Router->dispatchToRoute(Object(Illuminate\Http\Request))
#3 /home/craig/www/smartadmin/vendor/laravel/framework/src/Illuminate/Foundation/Application.php(775): Illuminate\Routing\Router->dispatch(Object(Illuminate\Http\Request))
#4 /home/craig/www/smartadmin/vendor/laravel/framework/src/Illuminate/Foundation/Application.php(745): Illuminate\Foundation\Application->dispatch(Object(Illuminate\Http\Request))
#5 /home/craig/www/smartadmin/vendor/laravel/framework/src/Illuminate/Session/Middleware.php(72): Illuminate\Foundation\Application->handle(Object(Illuminate\Http\Request), 1, true)
#6 /home/craig/www/smartadmin/vendor/laravel/framework/src/Illuminate/Cookie/Queue.php(47): Illuminate\Session\Middleware->handle(Object(Illuminate\Http\Request), 1, true)
#7 /home/craig/www/smartadmin/vendor/laravel/framework/src/Illuminate/Cookie/Guard.php(51): Illuminate\Cookie\Queue->handle(Object(Illuminate\Http\Request), 1, true)
#8 /home/craig/www/smartadmin/vendor/stack/builder/src/Stack/StackedHttpKernel.php(23): Illuminate\Cookie\Guard->handle(Object(Illuminate\Http\Request), 1, true)
#9 /home/craig/www/smartadmin/vendor/laravel/framework/src/Illuminate/Foundation/Application.php(641): Stack\StackedHttpKernel->handle(Object(Illuminate\Http\Request))
#10 /home/craig/www/smartadmin/index.php(49): Illuminate\Foundation\Application->run()
#11 {main} [] []
[2014-10-13 02:25:10] production.ERROR: exception 'Symfony\Component\HttpKernel\Exception\NotFoundHttpException' in /home/craig/www/smartadmin/vendor/laravel/framework/src/Illuminate/Routing/RouteCollection.php:148
Stack trace:
#0 /home/craig/www/smartadmin/vendor/laravel/framework/src/Illuminate/Routing/Router.php(1049): Illuminate\Routing\RouteCollection->match(Object(Illuminate\Http\Request))
#1 /home/craig/www/smartadmin/vendor/laravel/framework/src/Illuminate/Routing/Router.php(1017): Illuminate\Routing\Router->findRoute(Object(Illuminate\Http\Request))
#2 /home/craig/www/smartadmin/vendor/laravel/framework/src/Illuminate/Routing/Router.php(996): Illuminate\Routing\Router->dispatchToRoute(Object(Illuminate\Http\Request))
#3 /home/craig/www/smartadmin/vendor/laravel/framework/src/Illuminate/Foundation/Application.php(775): Illuminate\Routing\Router->dispatch(Object(Illuminate\Http\Request))
#4 /home/craig/www/smartadmin/vendor/laravel/framework/src/Illuminate/Foundation/Application.php(745): Illuminate\Foundation\Application->dispatch(Object(Illuminate\Http\Request))
#5 /home/craig/www/smartadmin/vendor/laravel/framework/src/Illuminate/Session/Middleware.php(72): Illuminate\Foundation\Application->handle(Object(Illuminate\Http\Request), 1, true)
#6 /home/craig/www/smartadmin/vendor/laravel/framework/src/Illuminate/Cookie/Queue.php(47): Illuminate\Session\Middleware->handle(Object(Illuminate\Http\Request), 1, true)
#7 /home/craig/www/smartadmin/vendor/laravel/framework/src/Illuminate/Cookie/Guard.php(51): Illuminate\Cookie\Queue->handle(Object(Illuminate\Http\Request), 1, true)
#8 /home/craig/www/smartadmin/vendor/stack/builder/src/Stack/StackedHttpKernel.php(23): Illuminate\Cookie\Guard->handle(Object(Illuminate\Http\Request), 1, true)
#9 /home/craig/www/smartadmin/vendor/laravel/framework/src/Illuminate/Foundation/Application.php(641): Stack\StackedHttpKernel->handle(Object(Illuminate\Http\Request))
#10 /home/craig/www/smartadmin/index.php(49): Illuminate\Foundation\Application->run()
#11 {main} [] []
[2014-10-13 02:25:10] production.ERROR: exception 'Symfony\Component\HttpKernel\Exception\NotFoundHttpException' in /home/craig/www/smartadmin/vendor/laravel/framework/src/Illuminate/Routing/RouteCollection.php:148
Stack trace:
#0 /home/craig/www/smartadmin/vendor/laravel/framework/src/Illuminate/Routing/Router.php(1049): Illuminate\Routing\RouteCollection->match(Object(Illuminate\Http\Request))
#1 /home/craig/www/smartadmin/vendor/laravel/framework/src/Illuminate/Routing/Router.php(1017): Illuminate\Routing\Router->findRoute(Object(Illuminate\Http\Request))
#2 /home/craig/www/smartadmin/vendor/laravel/framework/src/Illuminate/Routing/Router.php(996): Illuminate\Routing\Router->dispatchToRoute(Object(Illuminate\Http\Request))
#3 /home/craig/www/smartadmin/vendor/laravel/framework/src/Illuminate/Foundation/Application.php(775): Illuminate\Routing\Router->dispatch(Object(Illuminate\Http\Request))
#4 /home/craig/www/smartadmin/vendor/laravel/framework/src/Illuminate/Foundation/Application.php(745): Illuminate\Foundation\Application->dispatch(Object(Illuminate\Http\Request))
#5 /home/craig/www/smartadmin/vendor/laravel/framework/src/Illuminate/Session/Middleware.php(72): Illuminate\Foundation\Application->handle(Object(Illuminate\Http\Request), 1, true)
#6 /home/craig/www/smartadmin/vendor/laravel/framework/src/Illuminate/Cookie/Queue.php(47): Illuminate\Session\Middleware->handle(Object(Illuminate\Http\Request), 1, true)
#7 /home/craig/www/smartadmin/vendor/laravel/framework/src/Illuminate/Cookie/Guard.php(51): Illuminate\Cookie\Queue->handle(Object(Illuminate\Http\Request), 1, true)
#8 /home/craig/www/smartadmin/vendor/stack/builder/src/Stack/StackedHttpKernel.php(23): Illuminate\Cookie\Guard->handle(Object(Illuminate\Http\Request), 1, true)
#9 /home/craig/www/smartadmin/vendor/laravel/framework/src/Illuminate/Foundation/Application.php(641): Stack\StackedHttpKernel->handle(Object(Illuminate\Http\Request))
#10 /home/craig/www/smartadmin/index.php(49): Illuminate\Foundation\Application->run()
#11 {main} [] []
[2014-10-13 02:25:10] production.ERROR: exception 'Symfony\Component\HttpKernel\Exception\NotFoundHttpException' in /home/craig/www/smartadmin/vendor/laravel/framework/src/Illuminate/Routing/RouteCollection.php:148
Stack trace:
#0 /home/craig/www/smartadmin/vendor/laravel/framework/src/Illuminate/Routing/Router.php(1049): Illuminate\Routing\RouteCollection->match(Object(Illuminate\Http\Request))
#1 /home/craig/www/smartadmin/vendor/laravel/framework/src/Illuminate/Routing/Router.php(1017): Illuminate\Routing\Router->findRoute(Object(Illuminate\Http\Request))
#2 /home/craig/www/smartadmin/vendor/laravel/framework/src/Illuminate/Routing/Router.php(996): Illuminate\Routing\Router->dispatchToRoute(Object(Illuminate\Http\Request))
#3 /home/craig/www/smartadmin/vendor/laravel/framework/src/Illuminate/Foundation/Application.php(775): Illuminate\Routing\Router->dispatch(Object(Illuminate\Http\Request))
#4 /home/craig/www/smartadmin/vendor/laravel/framework/src/Illuminate/Foundation/Application.php(745): Illuminate\Foundation\Application->dispatch(Object(Illuminate\Http\Request))
#5 /home/craig/www/smartadmin/vendor/laravel/framework/src/Illuminate/Session/Middleware.php(72): Illuminate\Foundation\Application->handle(Object(Illuminate\Http\Request), 1, true)
#6 /home/craig/www/smartadmin/vendor/laravel/framework/src/Illuminate/Cookie/Queue.php(47): Illuminate\Session\Middleware->handle(Object(Illuminate\Http\Request), 1, true)
#7 /home/craig/www/smartadmin/vendor/laravel/framework/src/Illuminate/Cookie/Guard.php(51): Illuminate\Cookie\Queue->handle(Object(Illuminate\Http\Request), 1, true)
#8 /home/craig/www/smartadmin/vendor/stack/builder/src/Stack/StackedHttpKernel.php(23): Illuminate\Cookie\Guard->handle(Object(Illuminate\Http\Request), 1, true)
#9 /home/craig/www/smartadmin/vendor/laravel/framework/src/Illuminate/Foundation/Application.php(641): Stack\StackedHttpKernel->handle(Object(Illuminate\Http\Request))
#10 /home/craig/www/smartadmin/index.php(49): Illuminate\Foundation\Application->run()
#11 {main} [] []
[2014-10-13 02:25:10] production.ERROR: exception 'Symfony\Component\HttpKernel\Exception\NotFoundHttpException' in /home/craig/www/smartadmin/vendor/laravel/framework/src/Illuminate/Routing/RouteCollection.php:148
Stack trace:
#0 /home/craig/www/smartadmin/vendor/laravel/framework/src/Illuminate/Routing/Router.php(1049): Illuminate\Routing\RouteCollection->match(Object(Illuminate\Http\Request))
#1 /home/craig/www/smartadmin/vendor/laravel/framework/src/Illuminate/Routing/Router.php(1017): Illuminate\Routing\Router->findRoute(Object(Illuminate\Http\Request))
#2 /home/craig/www/smartadmin/vendor/laravel/framework/src/Illuminate/Routing/Router.php(996): Illuminate\Routing\Router->dispatchToRoute(Object(Illuminate\Http\Request))
#3 /home/craig/www/smartadmin/vendor/laravel/framework/src/Illuminate/Foundation/Application.php(775): Illuminate\Routing\Router->dispatch(Object(Illuminate\Http\Request))
#4 /home/craig/www/smartadmin/vendor/laravel/framework/src/Illuminate/Foundation/Application.php(745): Illuminate\Foundation\Application->dispatch(Object(Illuminate\Http\Request))
#5 /home/craig/www/smartadmin/vendor/laravel/framework/src/Illuminate/Session/Middleware.php(72): Illuminate\Foundation\Application->handle(Object(Illuminate\Http\Request), 1, true)
#6 /home/craig/www/smartadmin/vendor/laravel/framework/src/Illuminate/Cookie/Queue.php(47): Illuminate\Session\Middleware->handle(Object(Illuminate\Http\Request), 1, true)
#7 /home/craig/www/smartadmin/vendor/laravel/framework/src/Illuminate/Cookie/Guard.php(51): Illuminate\Cookie\Queue->handle(Object(Illuminate\Http\Request), 1, true)
#8 /home/craig/www/smartadmin/vendor/stack/builder/src/Stack/StackedHttpKernel.php(23): Illuminate\Cookie\Guard->handle(Object(Illuminate\Http\Request), 1, true)
#9 /home/craig/www/smartadmin/vendor/laravel/framework/src/Illuminate/Foundation/Application.php(641): Stack\StackedHttpKernel->handle(Object(Illuminate\Http\Request))
#10 /home/craig/www/smartadmin/index.php(49): Illuminate\Foundation\Application->run()
#11 {main} [] []
[2014-10-13 02:25:10] production.ERROR: exception 'Symfony\Component\HttpKernel\Exception\NotFoundHttpException' in /home/craig/www/smartadmin/vendor/laravel/framework/src/Illuminate/Routing/RouteCollection.php:148
Stack trace:
#0 /home/craig/www/smartadmin/vendor/laravel/framework/src/Illuminate/Routing/Router.php(1049): Illuminate\Routing\RouteCollection->match(Object(Illuminate\Http\Request))
#1 /home/craig/www/smartadmin/vendor/laravel/framework/src/Illuminate/Routing/Router.php(1017): Illuminate\Routing\Router->findRoute(Object(Illuminate\Http\Request))
#2 /home/craig/www/smartadmin/vendor/laravel/framework/src/Illuminate/Routing/Router.php(996): Illuminate\Routing\Router->dispatchToRoute(Object(Illuminate\Http\Request))
#3 /home/craig/www/smartadmin/vendor/laravel/framework/src/Illuminate/Foundation/Application.php(775): Illuminate\Routing\Router->dispatch(Object(Illuminate\Http\Request))
#4 /home/craig/www/smartadmin/vendor/laravel/framework/src/Illuminate/Foundation/Application.php(745): Illuminate\Foundation\Application->dispatch(Object(Illuminate\Http\Request))
#5 /home/craig/www/smartadmin/vendor/laravel/framework/src/Illuminate/Session/Middleware.php(72): Illuminate\Foundation\Application->handle(Object(Illuminate\Http\Request), 1, true)
#6 /home/craig/www/smartadmin/vendor/laravel/framework/src/Illuminate/Cookie/Queue.php(47): Illuminate\Session\Middleware->handle(Object(Illuminate\Http\Request), 1, true)
#7 /home/craig/www/smartadmin/vendor/laravel/framework/src/Illuminate/Cookie/Guard.php(51): Illuminate\Cookie\Queue->handle(Object(Illuminate\Http\Request), 1, true)
#8 /home/craig/www/smartadmin/vendor/stack/builder/src/Stack/StackedHttpKernel.php(23): Illuminate\Cookie\Guard->handle(Object(Illuminate\Http\Request), 1, true)
#9 /home/craig/www/smartadmin/vendor/laravel/framework/src/Illuminate/Foundation/Application.php(641): Stack\StackedHttpKernel->handle(Object(Illuminate\Http\Request))
#10 /home/craig/www/smartadmin/index.php(49): Illuminate\Foundation\Application->run()
#11 {main} [] []
[2014-10-13 02:25:10] production.ERROR: exception 'Symfony\Component\HttpKernel\Exception\NotFoundHttpException' in /home/craig/www/smartadmin/vendor/laravel/framework/src/Illuminate/Routing/RouteCollection.php:148
Stack trace:
#0 /home/craig/www/smartadmin/vendor/laravel/framework/src/Illuminate/Routing/Router.php(1049): Illuminate\Routing\RouteCollection->match(Object(Illuminate\Http\Request))
#1 /home/craig/www/smartadmin/vendor/laravel/framework/src/Illuminate/Routing/Router.php(1017): Illuminate\Routing\Router->findRoute(Object(Illuminate\Http\Request))
#2 /home/craig/www/smartadmin/vendor/laravel/framework/src/Illuminate/Routing/Router.php(996): Illuminate\Routing\Router->dispatchToRoute(Object(Illuminate\Http\Request))
#3 /home/craig/www/smartadmin/vendor/laravel/framework/src/Illuminate/Foundation/Application.php(775): Illuminate\Routing\Router->dispatch(Object(Illuminate\Http\Request))
#4 /home/craig/www/smartadmin/vendor/laravel/framework/src/Illuminate/Foundation/Application.php(745): Illuminate\Foundation\Application->dispatch(Object(Illuminate\Http\Request))
#5 /home/craig/www/smartadmin/vendor/laravel/framework/src/Illuminate/Session/Middleware.php(72): Illuminate\Foundation\Application->handle(Object(Illuminate\Http\Request), 1, true)
#6 /home/craig/www/smartadmin/vendor/laravel/framework/src/Illuminate/Cookie/Queue.php(47): Illuminate\Session\Middleware->handle(Object(Illuminate\Http\Request), 1, true)
#7 /home/craig/www/smartadmin/vendor/laravel/framework/src/Illuminate/Cookie/Guard.php(51): Illuminate\Cookie\Queue->handle(Object(Illuminate\Http\Request), 1, true)
#8 /home/craig/www/smartadmin/vendor/stack/builder/src/Stack/StackedHttpKernel.php(23): Illuminate\Cookie\Guard->handle(Object(Illuminate\Http\Request), 1, true)
#9 /home/craig/www/smartadmin/vendor/laravel/framework/src/Illuminate/Foundation/Application.php(641): Stack\StackedHttpKernel->handle(Object(Illuminate\Http\Request))
#10 /home/craig/www/smartadmin/index.php(49): Illuminate\Foundation\Application->run()
#11 {main} [] []
[2014-10-13 02:25:10] production.ERROR: exception 'Symfony\Component\HttpKernel\Exception\NotFoundHttpException' in /home/craig/www/smartadmin/vendor/laravel/framework/src/Illuminate/Routing/RouteCollection.php:148
Stack trace:
#0 /home/craig/www/smartadmin/vendor/laravel/framework/src/Illuminate/Routing/Router.php(1049): Illuminate\Routing\RouteCollection->match(Object(Illuminate\Http\Request))
#1 /home/craig/www/smartadmin/vendor/laravel/framework/src/Illuminate/Routing/Router.php(1017): Illuminate\Routing\Router->findRoute(Object(Illuminate\Http\Request))
#2 /home/craig/www/smartadmin/vendor/laravel/framework/src/Illuminate/Routing/Router.php(996): Illuminate\Routing\Router->dispatchToRoute(Object(Illuminate\Http\Request))
#3 /home/craig/www/smartadmin/vendor/laravel/framework/src/Illuminate/Foundation/Application.php(775): Illuminate\Routing\Router->dispatch(Object(Illuminate\Http\Request))
#4 /home/craig/www/smartadmin/vendor/laravel/framework/src/Illuminate/Foundation/Application.php(745): Illuminate\Foundation\Application->dispatch(Object(Illuminate\Http\Request))
#5 /home/craig/www/smartadmin/vendor/laravel/framework/src/Illuminate/Session/Middleware.php(72): Illuminate\Foundation\Application->handle(Object(Illuminate\Http\Request), 1, true)
#6 /home/craig/www/smartadmin/vendor/laravel/framework/src/Illuminate/Cookie/Queue.php(47): Illuminate\Session\Middleware->handle(Object(Illuminate\Http\Request), 1, true)
#7 /home/craig/www/smartadmin/vendor/laravel/framework/src/Illuminate/Cookie/Guard.php(51): Illuminate\Cookie\Queue->handle(Object(Illuminate\Http\Request), 1, true)
#8 /home/craig/www/smartadmin/vendor/stack/builder/src/Stack/StackedHttpKernel.php(23): Illuminate\Cookie\Guard->handle(Object(Illuminate\Http\Request), 1, true)
#9 /home/craig/www/smartadmin/vendor/laravel/framework/src/Illuminate/Foundation/Application.php(641): Stack\StackedHttpKernel->handle(Object(Illuminate\Http\Request))
#10 /home/craig/www/smartadmin/index.php(49): Illuminate\Foundation\Application->run()
#11 {main} [] []
[2014-10-13 02:25:10] production.ERROR: exception 'Symfony\Component\HttpKernel\Exception\NotFoundHttpException' in /home/craig/www/smartadmin/vendor/laravel/framework/src/Illuminate/Routing/RouteCollection.php:148
Stack trace:
#0 /home/craig/www/smartadmin/vendor/laravel/framework/src/Illuminate/Routing/Router.php(1049): Illuminate\Routing\RouteCollection->match(Object(Illuminate\Http\Request))
#1 /home/craig/www/smartadmin/vendor/laravel/framework/src/Illuminate/Routing/Router.php(1017): Illuminate\Routing\Router->findRoute(Object(Illuminate\Http\Request))
#2 /home/craig/www/smartadmin/vendor/laravel/framework/src/Illuminate/Routing/Router.php(996): Illuminate\Routing\Router->dispatchToRoute(Object(Illuminate\Http\Request))
#3 /home/craig/www/smartadmin/vendor/laravel/framework/src/Illuminate/Foundation/Application.php(775): Illuminate\Routing\Router->dispatch(Object(Illuminate\Http\Request))
#4 /home/craig/www/smartadmin/vendor/laravel/framework/src/Illuminate/Foundation/Application.php(745): Illuminate\Foundation\Application->dispatch(Object(Illuminate\Http\Request))
#5 /home/craig/www/smartadmin/vendor/laravel/framework/src/Illuminate/Session/Middleware.php(72): Illuminate\Foundation\Application->handle(Object(Illuminate\Http\Request), 1, true)
#6 /home/craig/www/smartadmin/vendor/laravel/framework/src/Illuminate/Cookie/Queue.php(47): Illuminate\Session\Middleware->handle(Object(Illuminate\Http\Request), 1, true)
#7 /home/craig/www/smartadmin/vendor/laravel/framework/src/Illuminate/Cookie/Guard.php(51): Illuminate\Cookie\Queue->handle(Object(Illuminate\Http\Request), 1, true)
#8 /home/craig/www/smartadmin/vendor/stack/builder/src/Stack/StackedHttpKernel.php(23): Illuminate\Cookie\Guard->handle(Object(Illuminate\Http\Request), 1, true)
#9 /home/craig/www/smartadmin/vendor/laravel/framework/src/Illuminate/Foundation/Application.php(641): Stack\StackedHttpKernel->handle(Object(Illuminate\Http\Request))
#10 /home/craig/www/smartadmin/index.php(49): Illuminate\Foundation\Application->run()
#11 {main} [] []
[2014-10-13 02:25:10] production.ERROR: exception 'Symfony\Component\HttpKernel\Exception\NotFoundHttpException' in /home/craig/www/smartadmin/vendor/laravel/framework/src/Illuminate/Routing/RouteCollection.php:148
Stack trace:
#0 /home/craig/www/smartadmin/vendor/laravel/framework/src/Illuminate/Routing/Router.php(1049): Illuminate\Routing\RouteCollection->match(Object(Illuminate\Http\Request))
#1 /home/craig/www/smartadmin/vendor/laravel/framework/src/Illuminate/Routing/Router.php(1017): Illuminate\Routing\Router->findRoute(Object(Illuminate\Http\Request))
#2 /home/craig/www/smartadmin/vendor/laravel/framework/src/Illuminate/Routing/Router.php(996): Illuminate\Routing\Router->dispatchToRoute(Object(Illuminate\Http\Request))
#3 /home/craig/www/smartadmin/vendor/laravel/framework/src/Illuminate/Foundation/Application.php(775): Illuminate\Routing\Router->dispatch(Object(Illuminate\Http\Request))
#4 /home/craig/www/smartadmin/vendor/laravel/framework/src/Illuminate/Foundation/Application.php(745): Illuminate\Foundation\Application->dispatch(Object(Illuminate\Http\Request))
#5 /home/craig/www/smartadmin/vendor/laravel/framework/src/Illuminate/Session/Middleware.php(72): Illuminate\Foundation\Application->handle(Object(Illuminate\Http\Request), 1, true)
#6 /home/craig/www/smartadmin/vendor/laravel/framework/src/Illuminate/Cookie/Queue.php(47): Illuminate\Session\Middleware->handle(Object(Illuminate\Http\Request), 1, true)
#7 /home/craig/www/smartadmin/vendor/laravel/framework/src/Illuminate/Cookie/Guard.php(51): Illuminate\Cookie\Queue->handle(Object(Illuminate\Http\Request), 1, true)
#8 /home/craig/www/smartadmin/vendor/stack/builder/src/Stack/StackedHttpKernel.php(23): Illuminate\Cookie\Guard->handle(Object(Illuminate\Http\Request), 1, true)
#9 /home/craig/www/smartadmin/vendor/laravel/framework/src/Illuminate/Foundation/Application.php(641): Stack\StackedHttpKernel->handle(Object(Illuminate\Http\Request))
#10 /home/craig/www/smartadmin/index.php(49): Illuminate\Foundation\Application->run()
#11 {main} [] []
[2014-10-13 02:25:10] production.ERROR: exception 'Symfony\Component\HttpKernel\Exception\NotFoundHttpException' in /home/craig/www/smartadmin/vendor/laravel/framework/src/Illuminate/Routing/RouteCollection.php:148
Stack trace:
#0 /home/craig/www/smartadmin/vendor/laravel/framework/src/Illuminate/Routing/Router.php(1049): Illuminate\Routing\RouteCollection->match(Object(Illuminate\Http\Request))
#1 /home/craig/www/smartadmin/vendor/laravel/framework/src/Illuminate/Routing/Router.php(1017): Illuminate\Routing\Router->findRoute(Object(Illuminate\Http\Request))
#2 /home/craig/www/smartadmin/vendor/laravel/framework/src/Illuminate/Routing/Router.php(996): Illuminate\Routing\Router->dispatchToRoute(Object(Illuminate\Http\Request))
#3 /home/craig/www/smartadmin/vendor/laravel/framework/src/Illuminate/Foundation/Application.php(775): Illuminate\Routing\Router->dispatch(Object(Illuminate\Http\Request))
#4 /home/craig/www/smartadmin/vendor/laravel/framework/src/Illuminate/Foundation/Application.php(745): Illuminate\Foundation\Application->dispatch(Object(Illuminate\Http\Request))
#5 /home/craig/www/smartadmin/vendor/laravel/framework/src/Illuminate/Session/Middleware.php(72): Illuminate\Foundation\Application->handle(Object(Illuminate\Http\Request), 1, true)
#6 /home/craig/www/smartadmin/vendor/laravel/framework/src/Illuminate/Cookie/Queue.php(47): Illuminate\Session\Middleware->handle(Object(Illuminate\Http\Request), 1, true)
#7 /home/craig/www/smartadmin/vendor/laravel/framework/src/Illuminate/Cookie/Guard.php(51): Illuminate\Cookie\Queue->handle(Object(Illuminate\Http\Request), 1, true)
#8 /home/craig/www/smartadmin/vendor/stack/builder/src/Stack/StackedHttpKernel.php(23): Illuminate\Cookie\Guard->handle(Object(Illuminate\Http\Request), 1, true)
#9 /home/craig/www/smartadmin/vendor/laravel/framework/src/Illuminate/Foundation/Application.php(641): Stack\StackedHttpKernel->handle(Object(Illuminate\Http\Request))
#10 /home/craig/www/smartadmin/index.php(49): Illuminate\Foundation\Application->run()
#11 {main} [] []
[2014-10-13 02:25:10] production.ERROR: exception 'Symfony\Component\HttpKernel\Exception\NotFoundHttpException' in /home/craig/www/smartadmin/vendor/laravel/framework/src/Illuminate/Routing/RouteCollection.php:148
Stack trace:
#0 /home/craig/www/smartadmin/vendor/laravel/framework/src/Illuminate/Routing/Router.php(1049): Illuminate\Routing\RouteCollection->match(Object(Illuminate\Http\Request))
#1 /home/craig/www/smartadmin/vendor/laravel/framework/src/Illuminate/Routing/Router.php(1017): Illuminate\Routing\Router->findRoute(Object(Illuminate\Http\Request))
#2 /home/craig/www/smartadmin/vendor/laravel/framework/src/Illuminate/Routing/Router.php(996): Illuminate\Routing\Router->dispatchToRoute(Object(Illuminate\Http\Request))
#3 /home/craig/www/smartadmin/vendor/laravel/framework/src/Illuminate/Foundation/Application.php(775): Illuminate\Routing\Router->dispatch(Object(Illuminate\Http\Request))
#4 /home/craig/www/smartadmin/vendor/laravel/framework/src/Illuminate/Foundation/Application.php(745): Illuminate\Foundation\Application->dispatch(Object(Illuminate\Http\Request))
#5 /home/craig/www/smartadmin/vendor/laravel/framework/src/Illuminate/Session/Middleware.php(72): Illuminate\Foundation\Application->handle(Object(Illuminate\Http\Request), 1, true)
#6 /home/craig/www/smartadmin/vendor/laravel/framework/src/Illuminate/Cookie/Queue.php(47): Illuminate\Session\Middleware->handle(Object(Illuminate\Http\Request), 1, true)
#7 /home/craig/www/smartadmin/vendor/laravel/framework/src/Illuminate/Cookie/Guard.php(51): Illuminate\Cookie\Queue->handle(Object(Illuminate\Http\Request), 1, true)
#8 /home/craig/www/smartadmin/vendor/stack/builder/src/Stack/StackedHttpKernel.php(23): Illuminate\Cookie\Guard->handle(Object(Illuminate\Http\Request), 1, true)
#9 /home/craig/www/smartadmin/vendor/laravel/framework/src/Illuminate/Foundation/Application.php(641): Stack\StackedHttpKernel->handle(Object(Illuminate\Http\Request))
#10 /home/craig/www/smartadmin/index.php(49): Illuminate\Foundation\Application->run()
#11 {main} [] []
[2014-10-13 02:25:10] production.ERROR: exception 'Symfony\Component\HttpKernel\Exception\NotFoundHttpException' in /home/craig/www/smartadmin/vendor/laravel/framework/src/Illuminate/Routing/RouteCollection.php:148
Stack trace:
#0 /home/craig/www/smartadmin/vendor/laravel/framework/src/Illuminate/Routing/Router.php(1049): Illuminate\Routing\RouteCollection->match(Object(Illuminate\Http\Request))
#1 /home/craig/www/smartadmin/vendor/laravel/framework/src/Illuminate/Routing/Router.php(1017): Illuminate\Routing\Router->findRoute(Object(Illuminate\Http\Request))
#2 /home/craig/www/smartadmin/vendor/laravel/framework/src/Illuminate/Routing/Router.php(996): Illuminate\Routing\Router->dispatchToRoute(Object(Illuminate\Http\Request))
#3 /home/craig/www/smartadmin/vendor/laravel/framework/src/Illuminate/Foundation/Application.php(775): Illuminate\Routing\Router->dispatch(Object(Illuminate\Http\Request))
#4 /home/craig/www/smartadmin/vendor/laravel/framework/src/Illuminate/Foundation/Application.php(745): Illuminate\Foundation\Application->dispatch(Object(Illuminate\Http\Request))
#5 /home/craig/www/smartadmin/vendor/laravel/framework/src/Illuminate/Session/Middleware.php(72): Illuminate\Foundation\Application->handle(Object(Illuminate\Http\Request), 1, true)
#6 /home/craig/www/smartadmin/vendor/laravel/framework/src/Illuminate/Cookie/Queue.php(47): Illuminate\Session\Middleware->handle(Object(Illuminate\Http\Request), 1, true)
#7 /home/craig/www/smartadmin/vendor/laravel/framework/src/Illuminate/Cookie/Guard.php(51): Illuminate\Cookie\Queue->handle(Object(Illuminate\Http\Request), 1, true)
#8 /home/craig/www/smartadmin/vendor/stack/builder/src/Stack/StackedHttpKernel.php(23): Illuminate\Cookie\Guard->handle(Object(Illuminate\Http\Request), 1, true)
#9 /home/craig/www/smartadmin/vendor/laravel/framework/src/Illuminate/Foundation/Application.php(641): Stack\StackedHttpKernel->handle(Object(Illuminate\Http\Request))
#10 /home/craig/www/smartadmin/index.php(49): Illuminate\Foundation\Application->run()
#11 {main} [] []
[2014-10-13 02:25:10] production.ERROR: exception 'Symfony\Component\HttpKernel\Exception\NotFoundHttpException' in /home/craig/www/smartadmin/vendor/laravel/framework/src/Illuminate/Routing/RouteCollection.php:148
Stack trace:
#0 /home/craig/www/smartadmin/vendor/laravel/framework/src/Illuminate/Routing/Router.php(1049): Illuminate\Routing\RouteCollection->match(Object(Illuminate\Http\Request))
#1 /home/craig/www/smartadmin/vendor/laravel/framework/src/Illuminate/Routing/Router.php(1017): Illuminate\Routing\Router->findRoute(Object(Illuminate\Http\Request))
#2 /home/craig/www/smartadmin/vendor/laravel/framework/src/Illuminate/Routing/Router.php(996): Illuminate\Routing\Router->dispatchToRoute(Object(Illuminate\Http\Request))
#3 /home/craig/www/smartadmin/vendor/laravel/framework/src/Illuminate/Foundation/Application.php(775): Illuminate\Routing\Router->dispatch(Object(Illuminate\Http\Request))
#4 /home/craig/www/smartadmin/vendor/laravel/framework/src/Illuminate/Foundation/Application.php(745): Illuminate\Foundation\Application->dispatch(Object(Illuminate\Http\Request))
#5 /home/craig/www/smartadmin/vendor/laravel/framework/src/Illuminate/Session/Middleware.php(72): Illuminate\Foundation\Application->handle(Object(Illuminate\Http\Request), 1, true)
#6 /home/craig/www/smartadmin/vendor/laravel/framework/src/Illuminate/Cookie/Queue.php(47): Illuminate\Session\Middleware->handle(Object(Illuminate\Http\Request), 1, true)
#7 /home/craig/www/smartadmin/vendor/laravel/framework/src/Illuminate/Cookie/Guard.php(51): Illuminate\Cookie\Queue->handle(Object(Illuminate\Http\Request), 1, true)
#8 /home/craig/www/smartadmin/vendor/stack/builder/src/Stack/StackedHttpKernel.php(23): Illuminate\Cookie\Guard->handle(Object(Illuminate\Http\Request), 1, true)
#9 /home/craig/www/smartadmin/vendor/laravel/framework/src/Illuminate/Foundation/Application.php(641): Stack\StackedHttpKernel->handle(Object(Illuminate\Http\Request))
#10 /home/craig/www/smartadmin/index.php(49): Illuminate\Foundation\Application->run()
#11 {main} [] []
[2014-10-13 02:25:10] production.ERROR: exception 'Symfony\Component\HttpKernel\Exception\NotFoundHttpException' in /home/craig/www/smartadmin/vendor/laravel/framework/src/Illuminate/Routing/RouteCollection.php:148
Stack trace:
#0 /home/craig/www/smartadmin/vendor/laravel/framework/src/Illuminate/Routing/Router.php(1049): Illuminate\Routing\RouteCollection->match(Object(Illuminate\Http\Request))
#1 /home/craig/www/smartadmin/vendor/laravel/framework/src/Illuminate/Routing/Router.php(1017): Illuminate\Routing\Router->findRoute(Object(Illuminate\Http\Request))
#2 /home/craig/www/smartadmin/vendor/laravel/framework/src/Illuminate/Routing/Router.php(996): Illuminate\Routing\Router->dispatchToRoute(Object(Illuminate\Http\Request))
#3 /home/craig/www/smartadmin/vendor/laravel/framework/src/Illuminate/Foundation/Application.php(775): Illuminate\Routing\Router->dispatch(Object(Illuminate\Http\Request))
#4 /home/craig/www/smartadmin/vendor/laravel/framework/src/Illuminate/Foundation/Application.php(745): Illuminate\Foundation\Application->dispatch(Object(Illuminate\Http\Request))
#5 /home/craig/www/smartadmin/vendor/laravel/framework/src/Illuminate/Session/Middleware.php(72): Illuminate\Foundation\Application->handle(Object(Illuminate\Http\Request), 1, true)
#6 /home/craig/www/smartadmin/vendor/laravel/framework/src/Illuminate/Cookie/Queue.php(47): Illuminate\Session\Middleware->handle(Object(Illuminate\Http\Request), 1, true)
#7 /home/craig/www/smartadmin/vendor/laravel/framework/src/Illuminate/Cookie/Guard.php(51): Illuminate\Cookie\Queue->handle(Object(Illuminate\Http\Request), 1, true)
#8 /home/craig/www/smartadmin/vendor/stack/builder/src/Stack/StackedHttpKernel.php(23): Illuminate\Cookie\Guard->handle(Object(Illuminate\Http\Request), 1, true)
#9 /home/craig/www/smartadmin/vendor/laravel/framework/src/Illuminate/Foundation/Application.php(641): Stack\StackedHttpKernel->handle(Object(Illuminate\Http\Request))
#10 /home/craig/www/smartadmin/index.php(49): Illuminate\Foundation\Application->run()
#11 {main} [] []
[2014-10-13 02:25:10] production.ERROR: exception 'Symfony\Component\HttpKernel\Exception\NotFoundHttpException' in /home/craig/www/smartadmin/vendor/laravel/framework/src/Illuminate/Routing/RouteCollection.php:148
Stack trace:
#0 /home/craig/www/smartadmin/vendor/laravel/framework/src/Illuminate/Routing/Router.php(1049): Illuminate\Routing\RouteCollection->match(Object(Illuminate\Http\Request))
#1 /home/craig/www/smartadmin/vendor/laravel/framework/src/Illuminate/Routing/Router.php(1017): Illuminate\Routing\Router->findRoute(Object(Illuminate\Http\Request))
#2 /home/craig/www/smartadmin/vendor/laravel/framework/src/Illuminate/Routing/Router.php(996): Illuminate\Routing\Router->dispatchToRoute(Object(Illuminate\Http\Request))
#3 /home/craig/www/smartadmin/vendor/laravel/framework/src/Illuminate/Foundation/Application.php(775): Illuminate\Routing\Router->dispatch(Object(Illuminate\Http\Request))
#4 /home/craig/www/smartadmin/vendor/laravel/framework/src/Illuminate/Foundation/Application.php(745): Illuminate\Foundation\Application->dispatch(Object(Illuminate\Http\Request))
#5 /home/craig/www/smartadmin/vendor/laravel/framework/src/Illuminate/Session/Middleware.php(72): Illuminate\Foundation\Application->handle(Object(Illuminate\Http\Request), 1, true)
#6 /home/craig/www/smartadmin/vendor/laravel/framework/src/Illuminate/Cookie/Queue.php(47): Illuminate\Session\Middleware->handle(Object(Illuminate\Http\Request), 1, true)
#7 /home/craig/www/smartadmin/vendor/laravel/framework/src/Illuminate/Cookie/Guard.php(51): Illuminate\Cookie\Queue->handle(Object(Illuminate\Http\Request), 1, true)
#8 /home/craig/www/smartadmin/vendor/stack/builder/src/Stack/StackedHttpKernel.php(23): Illuminate\Cookie\Guard->handle(Object(Illuminate\Http\Request), 1, true)
#9 /home/craig/www/smartadmin/vendor/laravel/framework/src/Illuminate/Foundation/Application.php(641): Stack\StackedHttpKernel->handle(Object(Illuminate\Http\Request))
#10 /home/craig/www/smartadmin/index.php(49): Illuminate\Foundation\Application->run()
#11 {main} [] []
[2014-10-13 02:25:10] production.ERROR: exception 'Symfony\Component\HttpKernel\Exception\NotFoundHttpException' in /home/craig/www/smartadmin/vendor/laravel/framework/src/Illuminate/Routing/RouteCollection.php:148
Stack trace:
#0 /home/craig/www/smartadmin/vendor/laravel/framework/src/Illuminate/Routing/Router.php(1049): Illuminate\Routing\RouteCollection->match(Object(Illuminate\Http\Request))
#1 /home/craig/www/smartadmin/vendor/laravel/framework/src/Illuminate/Routing/Router.php(1017): Illuminate\Routing\Router->findRoute(Object(Illuminate\Http\Request))
#2 /home/craig/www/smartadmin/vendor/laravel/framework/src/Illuminate/Routing/Router.php(996): Illuminate\Routing\Router->dispatchToRoute(Object(Illuminate\Http\Request))
#3 /home/craig/www/smartadmin/vendor/laravel/framework/src/Illuminate/Foundation/Application.php(775): Illuminate\Routing\Router->dispatch(Object(Illuminate\Http\Request))
#4 /home/craig/www/smartadmin/vendor/laravel/framework/src/Illuminate/Foundation/Application.php(745): Illuminate\Foundation\Application->dispatch(Object(Illuminate\Http\Request))
#5 /home/craig/www/smartadmin/vendor/laravel/framework/src/Illuminate/Session/Middleware.php(72): Illuminate\Foundation\Application->handle(Object(Illuminate\Http\Request), 1, true)
#6 /home/craig/www/smartadmin/vendor/laravel/framework/src/Illuminate/Cookie/Queue.php(47): Illuminate\Session\Middleware->handle(Object(Illuminate\Http\Request), 1, true)
#7 /home/craig/www/smartadmin/vendor/laravel/framework/src/Illuminate/Cookie/Guard.php(51): Illuminate\Cookie\Queue->handle(Object(Illuminate\Http\Request), 1, true)
#8 /home/craig/www/smartadmin/vendor/stack/builder/src/Stack/StackedHttpKernel.php(23): Illuminate\Cookie\Guard->handle(Object(Illuminate\Http\Request), 1, true)
#9 /home/craig/www/smartadmin/vendor/laravel/framework/src/Illuminate/Foundation/Application.php(641): Stack\StackedHttpKernel->handle(Object(Illuminate\Http\Request))
#10 /home/craig/www/smartadmin/index.php(49): Illuminate\Foundation\Application->run()
#11 {main} [] []
[2014-10-13 02:25:10] production.ERROR: exception 'Symfony\Component\HttpKernel\Exception\NotFoundHttpException' in /home/craig/www/smartadmin/vendor/laravel/framework/src/Illuminate/Routing/RouteCollection.php:148
Stack trace:
#0 /home/craig/www/smartadmin/vendor/laravel/framework/src/Illuminate/Routing/Router.php(1049): Illuminate\Routing\RouteCollection->match(Object(Illuminate\Http\Request))
#1 /home/craig/www/smartadmin/vendor/laravel/framework/src/Illuminate/Routing/Router.php(1017): Illuminate\Routing\Router->findRoute(Object(Illuminate\Http\Request))
#2 /home/craig/www/smartadmin/vendor/laravel/framework/src/Illuminate/Routing/Router.php(996): Illuminate\Routing\Router->dispatchToRoute(Object(Illuminate\Http\Request))
#3 /home/craig/www/smartadmin/vendor/laravel/framework/src/Illuminate/Foundation/Application.php(775): Illuminate\Routing\Router->dispatch(Object(Illuminate\Http\Request))
#4 /home/craig/www/smartadmin/vendor/laravel/framework/src/Illuminate/Foundation/Application.php(745): Illuminate\Foundation\Application->dispatch(Object(Illuminate\Http\Request))
#5 /home/craig/www/smartadmin/vendor/laravel/framework/src/Illuminate/Session/Middleware.php(72): Illuminate\Foundation\Application->handle(Object(Illuminate\Http\Request), 1, true)
#6 /home/craig/www/smartadmin/vendor/laravel/framework/src/Illuminate/Cookie/Queue.php(47): Illuminate\Session\Middleware->handle(Object(Illuminate\Http\Request), 1, true)
#7 /home/craig/www/smartadmin/vendor/laravel/framework/src/Illuminate/Cookie/Guard.php(51): Illuminate\Cookie\Queue->handle(Object(Illuminate\Http\Request), 1, true)
#8 /home/craig/www/smartadmin/vendor/stack/builder/src/Stack/StackedHttpKernel.php(23): Illuminate\Cookie\Guard->handle(Object(Illuminate\Http\Request), 1, true)
#9 /home/craig/www/smartadmin/vendor/laravel/framework/src/Illuminate/Foundation/Application.php(641): Stack\StackedHttpKernel->handle(Object(Illuminate\Http\Request))
#10 /home/craig/www/smartadmin/index.php(49): Illuminate\Foundation\Application->run()
#11 {main} [] []
[2014-10-13 02:25:10] production.ERROR: exception 'Symfony\Component\HttpKernel\Exception\NotFoundHttpException' in /home/craig/www/smartadmin/vendor/laravel/framework/src/Illuminate/Routing/RouteCollection.php:148
Stack trace:
#0 /home/craig/www/smartadmin/vendor/laravel/framework/src/Illuminate/Routing/Router.php(1049): Illuminate\Routing\RouteCollection->match(Object(Illuminate\Http\Request))
#1 /home/craig/www/smartadmin/vendor/laravel/framework/src/Illuminate/Routing/Router.php(1017): Illuminate\Routing\Router->findRoute(Object(Illuminate\Http\Request))
#2 /home/craig/www/smartadmin/vendor/laravel/framework/src/Illuminate/Routing/Router.php(996): Illuminate\Routing\Router->dispatchToRoute(Object(Illuminate\Http\Request))
#3 /home/craig/www/smartadmin/vendor/laravel/framework/src/Illuminate/Foundation/Application.php(775): Illuminate\Routing\Router->dispatch(Object(Illuminate\Http\Request))
#4 /home/craig/www/smartadmin/vendor/laravel/framework/src/Illuminate/Foundation/Application.php(745): Illuminate\Foundation\Application->dispatch(Object(Illuminate\Http\Request))
#5 /home/craig/www/smartadmin/vendor/laravel/framework/src/Illuminate/Session/Middleware.php(72): Illuminate\Foundation\Application->handle(Object(Illuminate\Http\Request), 1, true)
#6 /home/craig/www/smartadmin/vendor/laravel/framework/src/Illuminate/Cookie/Queue.php(47): Illuminate\Session\Middleware->handle(Object(Illuminate\Http\Request), 1, true)
#7 /home/craig/www/smartadmin/vendor/laravel/framework/src/Illuminate/Cookie/Guard.php(51): Illuminate\Cookie\Queue->handle(Object(Illuminate\Http\Request), 1, true)
#8 /home/craig/www/smartadmin/vendor/stack/builder/src/Stack/StackedHttpKernel.php(23): Illuminate\Cookie\Guard->handle(Object(Illuminate\Http\Request), 1, true)
#9 /home/craig/www/smartadmin/vendor/laravel/framework/src/Illuminate/Foundation/Application.php(641): Stack\StackedHttpKernel->handle(Object(Illuminate\Http\Request))
#10 /home/craig/www/smartadmin/index.php(49): Illuminate\Foundation\Application->run()
#11 {main} [] []
[2014-10-13 02:25:10] production.ERROR: exception 'Symfony\Component\HttpKernel\Exception\NotFoundHttpException' in /home/craig/www/smartadmin/vendor/laravel/framework/src/Illuminate/Routing/RouteCollection.php:148
Stack trace:
#0 /home/craig/www/smartadmin/vendor/laravel/framework/src/Illuminate/Routing/Router.php(1049): Illuminate\Routing\RouteCollection->match(Object(Illuminate\Http\Request))
#1 /home/craig/www/smartadmin/vendor/laravel/framework/src/Illuminate/Routing/Router.php(1017): Illuminate\Routing\Router->findRoute(Object(Illuminate\Http\Request))
#2 /home/craig/www/smartadmin/vendor/laravel/framework/src/Illuminate/Routing/Router.php(996): Illuminate\Routing\Router->dispatchToRoute(Object(Illuminate\Http\Request))
#3 /home/craig/www/smartadmin/vendor/laravel/framework/src/Illuminate/Foundation/Application.php(775): Illuminate\Routing\Router->dispatch(Object(Illuminate\Http\Request))
#4 /home/craig/www/smartadmin/vendor/laravel/framework/src/Illuminate/Foundation/Application.php(745): Illuminate\Foundation\Application->dispatch(Object(Illuminate\Http\Request))
#5 /home/craig/www/smartadmin/vendor/laravel/framework/src/Illuminate/Session/Middleware.php(72): Illuminate\Foundation\Application->handle(Object(Illuminate\Http\Request), 1, true)
#6 /home/craig/www/smartadmin/vendor/laravel/framework/src/Illuminate/Cookie/Queue.php(47): Illuminate\Session\Middleware->handle(Object(Illuminate\Http\Request), 1, true)
#7 /home/craig/www/smartadmin/vendor/laravel/framework/src/Illuminate/Cookie/Guard.php(51): Illuminate\Cookie\Queue->handle(Object(Illuminate\Http\Request), 1, true)
#8 /home/craig/www/smartadmin/vendor/stack/builder/src/Stack/StackedHttpKernel.php(23): Illuminate\Cookie\Guard->handle(Object(Illuminate\Http\Request), 1, true)
#9 /home/craig/www/smartadmin/vendor/laravel/framework/src/Illuminate/Foundation/Application.php(641): Stack\StackedHttpKernel->handle(Object(Illuminate\Http\Request))
#10 /home/craig/www/smartadmin/index.php(49): Illuminate\Foundation\Application->run()
#11 {main} [] []
[2014-10-13 02:25:10] production.ERROR: exception 'Symfony\Component\HttpKernel\Exception\NotFoundHttpException' in /home/craig/www/smartadmin/vendor/laravel/framework/src/Illuminate/Routing/RouteCollection.php:148
Stack trace:
#0 /home/craig/www/smartadmin/vendor/laravel/framework/src/Illuminate/Routing/Router.php(1049): Illuminate\Routing\RouteCollection->match(Object(Illuminate\Http\Request))
#1 /home/craig/www/smartadmin/vendor/laravel/framework/src/Illuminate/Routing/Router.php(1017): Illuminate\Routing\Router->findRoute(Object(Illuminate\Http\Request))
#2 /home/craig/www/smartadmin/vendor/laravel/framework/src/Illuminate/Routing/Router.php(996): Illuminate\Routing\Router->dispatchToRoute(Object(Illuminate\Http\Request))
#3 /home/craig/www/smartadmin/vendor/laravel/framework/src/Illuminate/Foundation/Application.php(775): Illuminate\Routing\Router->dispatch(Object(Illuminate\Http\Request))
#4 /home/craig/www/smartadmin/vendor/laravel/framework/src/Illuminate/Foundation/Application.php(745): Illuminate\Foundation\Application->dispatch(Object(Illuminate\Http\Request))
#5 /home/craig/www/smartadmin/vendor/laravel/framework/src/Illuminate/Session/Middleware.php(72): Illuminate\Foundation\Application->handle(Object(Illuminate\Http\Request), 1, true)
#6 /home/craig/www/smartadmin/vendor/laravel/framework/src/Illuminate/Cookie/Queue.php(47): Illuminate\Session\Middleware->handle(Object(Illuminate\Http\Request), 1, true)
#7 /home/craig/www/smartadmin/vendor/laravel/framework/src/Illuminate/Cookie/Guard.php(51): Illuminate\Cookie\Queue->handle(Object(Illuminate\Http\Request), 1, true)
#8 /home/craig/www/smartadmin/vendor/stack/builder/src/Stack/StackedHttpKernel.php(23): Illuminate\Cookie\Guard->handle(Object(Illuminate\Http\Request), 1, true)
#9 /home/craig/www/smartadmin/vendor/laravel/framework/src/Illuminate/Foundation/Application.php(641): Stack\StackedHttpKernel->handle(Object(Illuminate\Http\Request))
#10 /home/craig/www/smartadmin/index.php(49): Illuminate\Foundation\Application->run()
#11 {main} [] []
[2014-10-13 02:25:10] production.ERROR: exception 'Symfony\Component\HttpKernel\Exception\NotFoundHttpException' in /home/craig/www/smartadmin/vendor/laravel/framework/src/Illuminate/Routing/RouteCollection.php:148
Stack trace:
#0 /home/craig/www/smartadmin/vendor/laravel/framework/src/Illuminate/Routing/Router.php(1049): Illuminate\Routing\RouteCollection->match(Object(Illuminate\Http\Request))
#1 /home/craig/www/smartadmin/vendor/laravel/framework/src/Illuminate/Routing/Router.php(1017): Illuminate\Routing\Router->findRoute(Object(Illuminate\Http\Request))
#2 /home/craig/www/smartadmin/vendor/laravel/framework/src/Illuminate/Routing/Router.php(996): Illuminate\Routing\Router->dispatchToRoute(Object(Illuminate\Http\Request))
#3 /home/craig/www/smartadmin/vendor/laravel/framework/src/Illuminate/Foundation/Application.php(775): Illuminate\Routing\Router->dispatch(Object(Illuminate\Http\Request))
#4 /home/craig/www/smartadmin/vendor/laravel/framework/src/Illuminate/Foundation/Application.php(745): Illuminate\Foundation\Application->dispatch(Object(Illuminate\Http\Request))
#5 /home/craig/www/smartadmin/vendor/laravel/framework/src/Illuminate/Session/Middleware.php(72): Illuminate\Foundation\Application->handle(Object(Illuminate\Http\Request), 1, true)
#6 /home/craig/www/smartadmin/vendor/laravel/framework/src/Illuminate/Cookie/Queue.php(47): Illuminate\Session\Middleware->handle(Object(Illuminate\Http\Request), 1, true)
#7 /home/craig/www/smartadmin/vendor/laravel/framework/src/Illuminate/Cookie/Guard.php(51): Illuminate\Cookie\Queue->handle(Object(Illuminate\Http\Request), 1, true)
#8 /home/craig/www/smartadmin/vendor/stack/builder/src/Stack/StackedHttpKernel.php(23): Illuminate\Cookie\Guard->handle(Object(Illuminate\Http\Request), 1, true)
#9 /home/craig/www/smartadmin/vendor/laravel/framework/src/Illuminate/Foundation/Application.php(641): Stack\StackedHttpKernel->handle(Object(Illuminate\Http\Request))
#10 /home/craig/www/smartadmin/index.php(49): Illuminate\Foundation\Application->run()
#11 {main} [] []
[2014-10-13 02:25:10] production.ERROR: exception 'Symfony\Component\HttpKernel\Exception\NotFoundHttpException' in /home/craig/www/smartadmin/vendor/laravel/framework/src/Illuminate/Routing/RouteCollection.php:148
Stack trace:
#0 /home/craig/www/smartadmin/vendor/laravel/framework/src/Illuminate/Routing/Router.php(1049): Illuminate\Routing\RouteCollection->match(Object(Illuminate\Http\Request))
#1 /home/craig/www/smartadmin/vendor/laravel/framework/src/Illuminate/Routing/Router.php(1017): Illuminate\Routing\Router->findRoute(Object(Illuminate\Http\Request))
#2 /home/craig/www/smartadmin/vendor/laravel/framework/src/Illuminate/Routing/Router.php(996): Illuminate\Routing\Router->dispatchToRoute(Object(Illuminate\Http\Request))
#3 /home/craig/www/smartadmin/vendor/laravel/framework/src/Illuminate/Foundation/Application.php(775): Illuminate\Routing\Router->dispatch(Object(Illuminate\Http\Request))
#4 /home/craig/www/smartadmin/vendor/laravel/framework/src/Illuminate/Foundation/Application.php(745): Illuminate\Foundation\Application->dispatch(Object(Illuminate\Http\Request))
#5 /home/craig/www/smartadmin/vendor/laravel/framework/src/Illuminate/Session/Middleware.php(72): Illuminate\Foundation\Application->handle(Object(Illuminate\Http\Request), 1, true)
#6 /home/craig/www/smartadmin/vendor/laravel/framework/src/Illuminate/Cookie/Queue.php(47): Illuminate\Session\Middleware->handle(Object(Illuminate\Http\Request), 1, true)
#7 /home/craig/www/smartadmin/vendor/laravel/framework/src/Illuminate/Cookie/Guard.php(51): Illuminate\Cookie\Queue->handle(Object(Illuminate\Http\Request), 1, true)
#8 /home/craig/www/smartadmin/vendor/stack/builder/src/Stack/StackedHttpKernel.php(23): Illuminate\Cookie\Guard->handle(Object(Illuminate\Http\Request), 1, true)
#9 /home/craig/www/smartadmin/vendor/laravel/framework/src/Illuminate/Foundation/Application.php(641): Stack\StackedHttpKernel->handle(Object(Illuminate\Http\Request))
#10 /home/craig/www/smartadmin/index.php(49): Illuminate\Foundation\Application->run()
#11 {main} [] []
[2014-10-13 02:25:11] production.ERROR: exception 'Symfony\Component\HttpKernel\Exception\NotFoundHttpException' in /home/craig/www/smartadmin/vendor/laravel/framework/src/Illuminate/Routing/RouteCollection.php:148
Stack trace:
#0 /home/craig/www/smartadmin/vendor/laravel/framework/src/Illuminate/Routing/Router.php(1049): Illuminate\Routing\RouteCollection->match(Object(Illuminate\Http\Request))
#1 /home/craig/www/smartadmin/vendor/laravel/framework/src/Illuminate/Routing/Router.php(1017): Illuminate\Routing\Router->findRoute(Object(Illuminate\Http\Request))
#2 /home/craig/www/smartadmin/vendor/laravel/framework/src/Illuminate/Routing/Router.php(996): Illuminate\Routing\Router->dispatchToRoute(Object(Illuminate\Http\Request))
#3 /home/craig/www/smartadmin/vendor/laravel/framework/src/Illuminate/Foundation/Application.php(775): Illuminate\Routing\Router->dispatch(Object(Illuminate\Http\Request))
#4 /home/craig/www/smartadmin/vendor/laravel/framework/src/Illuminate/Foundation/Application.php(745): Illuminate\Foundation\Application->dispatch(Object(Illuminate\Http\Request))
#5 /home/craig/www/smartadmin/vendor/laravel/framework/src/Illuminate/Session/Middleware.php(72): Illuminate\Foundation\Application->handle(Object(Illuminate\Http\Request), 1, true)
#6 /home/craig/www/smartadmin/vendor/laravel/framework/src/Illuminate/Cookie/Queue.php(47): Illuminate\Session\Middleware->handle(Object(Illuminate\Http\Request), 1, true)
#7 /home/craig/www/smartadmin/vendor/laravel/framework/src/Illuminate/Cookie/Guard.php(51): Illuminate\Cookie\Queue->handle(Object(Illuminate\Http\Request), 1, true)
#8 /home/craig/www/smartadmin/vendor/stack/builder/src/Stack/StackedHttpKernel.php(23): Illuminate\Cookie\Guard->handle(Object(Illuminate\Http\Request), 1, true)
#9 /home/craig/www/smartadmin/vendor/laravel/framework/src/Illuminate/Foundation/Application.php(641): Stack\StackedHttpKernel->handle(Object(Illuminate\Http\Request))
#10 /home/craig/www/smartadmin/index.php(49): Illuminate\Foundation\Application->run()
#11 {main} [] []
[2014-10-13 02:25:11] production.ERROR: exception 'Symfony\Component\HttpKernel\Exception\NotFoundHttpException' in /home/craig/www/smartadmin/vendor/laravel/framework/src/Illuminate/Routing/RouteCollection.php:148
Stack trace:
#0 /home/craig/www/smartadmin/vendor/laravel/framework/src/Illuminate/Routing/Router.php(1049): Illuminate\Routing\RouteCollection->match(Object(Illuminate\Http\Request))
#1 /home/craig/www/smartadmin/vendor/laravel/framework/src/Illuminate/Routing/Router.php(1017): Illuminate\Routing\Router->findRoute(Object(Illuminate\Http\Request))
#2 /home/craig/www/smartadmin/vendor/laravel/framework/src/Illuminate/Routing/Router.php(996): Illuminate\Routing\Router->dispatchToRoute(Object(Illuminate\Http\Request))
#3 /home/craig/www/smartadmin/vendor/laravel/framework/src/Illuminate/Foundation/Application.php(775): Illuminate\Routing\Router->dispatch(Object(Illuminate\Http\Request))
#4 /home/craig/www/smartadmin/vendor/laravel/framework/src/Illuminate/Foundation/Application.php(745): Illuminate\Foundation\Application->dispatch(Object(Illuminate\Http\Request))
#5 /home/craig/www/smartadmin/vendor/laravel/framework/src/Illuminate/Session/Middleware.php(72): Illuminate\Foundation\Application->handle(Object(Illuminate\Http\Request), 1, true)
#6 /home/craig/www/smartadmin/vendor/laravel/framework/src/Illuminate/Cookie/Queue.php(47): Illuminate\Session\Middleware->handle(Object(Illuminate\Http\Request), 1, true)
#7 /home/craig/www/smartadmin/vendor/laravel/framework/src/Illuminate/Cookie/Guard.php(51): Illuminate\Cookie\Queue->handle(Object(Illuminate\Http\Request), 1, true)
#8 /home/craig/www/smartadmin/vendor/stack/builder/src/Stack/StackedHttpKernel.php(23): Illuminate\Cookie\Guard->handle(Object(Illuminate\Http\Request), 1, true)
#9 /home/craig/www/smartadmin/vendor/laravel/framework/src/Illuminate/Foundation/Application.php(641): Stack\StackedHttpKernel->handle(Object(Illuminate\Http\Request))
#10 /home/craig/www/smartadmin/index.php(49): Illuminate\Foundation\Application->run()
#11 {main} [] []
[2014-10-13 02:25:11] production.ERROR: exception 'Symfony\Component\HttpKernel\Exception\NotFoundHttpException' in /home/craig/www/smartadmin/vendor/laravel/framework/src/Illuminate/Routing/RouteCollection.php:148
Stack trace:
#0 /home/craig/www/smartadmin/vendor/laravel/framework/src/Illuminate/Routing/Router.php(1049): Illuminate\Routing\RouteCollection->match(Object(Illuminate\Http\Request))
#1 /home/craig/www/smartadmin/vendor/laravel/framework/src/Illuminate/Routing/Router.php(1017): Illuminate\Routing\Router->findRoute(Object(Illuminate\Http\Request))
#2 /home/craig/www/smartadmin/vendor/laravel/framework/src/Illuminate/Routing/Router.php(996): Illuminate\Routing\Router->dispatchToRoute(Object(Illuminate\Http\Request))
#3 /home/craig/www/smartadmin/vendor/laravel/framework/src/Illuminate/Foundation/Application.php(775): Illuminate\Routing\Router->dispatch(Object(Illuminate\Http\Request))
#4 /home/craig/www/smartadmin/vendor/laravel/framework/src/Illuminate/Foundation/Application.php(745): Illuminate\Foundation\Application->dispatch(Object(Illuminate\Http\Request))
#5 /home/craig/www/smartadmin/vendor/laravel/framework/src/Illuminate/Session/Middleware.php(72): Illuminate\Foundation\Application->handle(Object(Illuminate\Http\Request), 1, true)
#6 /home/craig/www/smartadmin/vendor/laravel/framework/src/Illuminate/Cookie/Queue.php(47): Illuminate\Session\Middleware->handle(Object(Illuminate\Http\Request), 1, true)
#7 /home/craig/www/smartadmin/vendor/laravel/framework/src/Illuminate/Cookie/Guard.php(51): Illuminate\Cookie\Queue->handle(Object(Illuminate\Http\Request), 1, true)
#8 /home/craig/www/smartadmin/vendor/stack/builder/src/Stack/StackedHttpKernel.php(23): Illuminate\Cookie\Guard->handle(Object(Illuminate\Http\Request), 1, true)
#9 /home/craig/www/smartadmin/vendor/laravel/framework/src/Illuminate/Foundation/Application.php(641): Stack\StackedHttpKernel->handle(Object(Illuminate\Http\Request))
#10 /home/craig/www/smartadmin/index.php(49): Illuminate\Foundation\Application->run()
#11 {main} [] []
[2014-10-13 02:25:11] production.ERROR: exception 'Symfony\Component\HttpKernel\Exception\NotFoundHttpException' in /home/craig/www/smartadmin/vendor/laravel/framework/src/Illuminate/Routing/RouteCollection.php:148
Stack trace:
#0 /home/craig/www/smartadmin/vendor/laravel/framework/src/Illuminate/Routing/Router.php(1049): Illuminate\Routing\RouteCollection->match(Object(Illuminate\Http\Request))
#1 /home/craig/www/smartadmin/vendor/laravel/framework/src/Illuminate/Routing/Router.php(1017): Illuminate\Routing\Router->findRoute(Object(Illuminate\Http\Request))
#2 /home/craig/www/smartadmin/vendor/laravel/framework/src/Illuminate/Routing/Router.php(996): Illuminate\Routing\Router->dispatchToRoute(Object(Illuminate\Http\Request))
#3 /home/craig/www/smartadmin/vendor/laravel/framework/src/Illuminate/Foundation/Application.php(775): Illuminate\Routing\Router->dispatch(Object(Illuminate\Http\Request))
#4 /home/craig/www/smartadmin/vendor/laravel/framework/src/Illuminate/Foundation/Application.php(745): Illuminate\Foundation\Application->dispatch(Object(Illuminate\Http\Request))
#5 /home/craig/www/smartadmin/vendor/laravel/framework/src/Illuminate/Session/Middleware.php(72): Illuminate\Foundation\Application->handle(Object(Illuminate\Http\Request), 1, true)
#6 /home/craig/www/smartadmin/vendor/laravel/framework/src/Illuminate/Cookie/Queue.php(47): Illuminate\Session\Middleware->handle(Object(Illuminate\Http\Request), 1, true)
#7 /home/craig/www/smartadmin/vendor/laravel/framework/src/Illuminate/Cookie/Guard.php(51): Illuminate\Cookie\Queue->handle(Object(Illuminate\Http\Request), 1, true)
#8 /home/craig/www/smartadmin/vendor/stack/builder/src/Stack/StackedHttpKernel.php(23): Illuminate\Cookie\Guard->handle(Object(Illuminate\Http\Request), 1, true)
#9 /home/craig/www/smartadmin/vendor/laravel/framework/src/Illuminate/Foundation/Application.php(641): Stack\StackedHttpKernel->handle(Object(Illuminate\Http\Request))
#10 /home/craig/www/smartadmin/index.php(49): Illuminate\Foundation\Application->run()
#11 {main} [] []
[2014-10-13 02:25:11] production.ERROR: exception 'Symfony\Component\HttpKernel\Exception\NotFoundHttpException' in /home/craig/www/smartadmin/vendor/laravel/framework/src/Illuminate/Routing/RouteCollection.php:148
Stack trace:
#0 /home/craig/www/smartadmin/vendor/laravel/framework/src/Illuminate/Routing/Router.php(1049): Illuminate\Routing\RouteCollection->match(Object(Illuminate\Http\Request))
#1 /home/craig/www/smartadmin/vendor/laravel/framework/src/Illuminate/Routing/Router.php(1017): Illuminate\Routing\Router->findRoute(Object(Illuminate\Http\Request))
#2 /home/craig/www/smartadmin/vendor/laravel/framework/src/Illuminate/Routing/Router.php(996): Illuminate\Routing\Router->dispatchToRoute(Object(Illuminate\Http\Request))
#3 /home/craig/www/smartadmin/vendor/laravel/framework/src/Illuminate/Foundation/Application.php(775): Illuminate\Routing\Router->dispatch(Object(Illuminate\Http\Request))
#4 /home/craig/www/smartadmin/vendor/laravel/framework/src/Illuminate/Foundation/Application.php(745): Illuminate\Foundation\Application->dispatch(Object(Illuminate\Http\Request))
#5 /home/craig/www/smartadmin/vendor/laravel/framework/src/Illuminate/Session/Middleware.php(72): Illuminate\Foundation\Application->handle(Object(Illuminate\Http\Request), 1, true)
#6 /home/craig/www/smartadmin/vendor/laravel/framework/src/Illuminate/Cookie/Queue.php(47): Illuminate\Session\Middleware->handle(Object(Illuminate\Http\Request), 1, true)
#7 /home/craig/www/smartadmin/vendor/laravel/framework/src/Illuminate/Cookie/Guard.php(51): Illuminate\Cookie\Queue->handle(Object(Illuminate\Http\Request), 1, true)
#8 /home/craig/www/smartadmin/vendor/stack/builder/src/Stack/StackedHttpKernel.php(23): Illuminate\Cookie\Guard->handle(Object(Illuminate\Http\Request), 1, true)
#9 /home/craig/www/smartadmin/vendor/laravel/framework/src/Illuminate/Foundation/Application.php(641): Stack\StackedHttpKernel->handle(Object(Illuminate\Http\Request))
#10 /home/craig/www/smartadmin/index.php(49): Illuminate\Foundation\Application->run()
#11 {main} [] []
[2014-10-13 02:25:11] production.ERROR: exception 'Symfony\Component\HttpKernel\Exception\NotFoundHttpException' in /home/craig/www/smartadmin/vendor/laravel/framework/src/Illuminate/Routing/RouteCollection.php:148
Stack trace:
#0 /home/craig/www/smartadmin/vendor/laravel/framework/src/Illuminate/Routing/Router.php(1049): Illuminate\Routing\RouteCollection->match(Object(Illuminate\Http\Request))
#1 /home/craig/www/smartadmin/vendor/laravel/framework/src/Illuminate/Routing/Router.php(1017): Illuminate\Routing\Router->findRoute(Object(Illuminate\Http\Request))
#2 /home/craig/www/smartadmin/vendor/laravel/framework/src/Illuminate/Routing/Router.php(996): Illuminate\Routing\Router->dispatchToRoute(Object(Illuminate\Http\Request))
#3 /home/craig/www/smartadmin/vendor/laravel/framework/src/Illuminate/Foundation/Application.php(775): Illuminate\Routing\Router->dispatch(Object(Illuminate\Http\Request))
#4 /home/craig/www/smartadmin/vendor/laravel/framework/src/Illuminate/Foundation/Application.php(745): Illuminate\Foundation\Application->dispatch(Object(Illuminate\Http\Request))
#5 /home/craig/www/smartadmin/vendor/laravel/framework/src/Illuminate/Session/Middleware.php(72): Illuminate\Foundation\Application->handle(Object(Illuminate\Http\Request), 1, true)
#6 /home/craig/www/smartadmin/vendor/laravel/framework/src/Illuminate/Cookie/Queue.php(47): Illuminate\Session\Middleware->handle(Object(Illuminate\Http\Request), 1, true)
#7 /home/craig/www/smartadmin/vendor/laravel/framework/src/Illuminate/Cookie/Guard.php(51): Illuminate\Cookie\Queue->handle(Object(Illuminate\Http\Request), 1, true)
#8 /home/craig/www/smartadmin/vendor/stack/builder/src/Stack/StackedHttpKernel.php(23): Illuminate\Cookie\Guard->handle(Object(Illuminate\Http\Request), 1, true)
#9 /home/craig/www/smartadmin/vendor/laravel/framework/src/Illuminate/Foundation/Application.php(641): Stack\StackedHttpKernel->handle(Object(Illuminate\Http\Request))
#10 /home/craig/www/smartadmin/index.php(49): Illuminate\Foundation\Application->run()
#11 {main} [] []
[2014-10-13 02:25:11] production.ERROR: exception 'Symfony\Component\HttpKernel\Exception\NotFoundHttpException' in /home/craig/www/smartadmin/vendor/laravel/framework/src/Illuminate/Routing/RouteCollection.php:148
Stack trace:
#0 /home/craig/www/smartadmin/vendor/laravel/framework/src/Illuminate/Routing/Router.php(1049): Illuminate\Routing\RouteCollection->match(Object(Illuminate\Http\Request))
#1 /home/craig/www/smartadmin/vendor/laravel/framework/src/Illuminate/Routing/Router.php(1017): Illuminate\Routing\Router->findRoute(Object(Illuminate\Http\Request))
#2 /home/craig/www/smartadmin/vendor/laravel/framework/src/Illuminate/Routing/Router.php(996): Illuminate\Routing\Router->dispatchToRoute(Object(Illuminate\Http\Request))
#3 /home/craig/www/smartadmin/vendor/laravel/framework/src/Illuminate/Foundation/Application.php(775): Illuminate\Routing\Router->dispatch(Object(Illuminate\Http\Request))
#4 /home/craig/www/smartadmin/vendor/laravel/framework/src/Illuminate/Foundation/Application.php(745): Illuminate\Foundation\Application->dispatch(Object(Illuminate\Http\Request))
#5 /home/craig/www/smartadmin/vendor/laravel/framework/src/Illuminate/Session/Middleware.php(72): Illuminate\Foundation\Application->handle(Object(Illuminate\Http\Request), 1, true)
#6 /home/craig/www/smartadmin/vendor/laravel/framework/src/Illuminate/Cookie/Queue.php(47): Illuminate\Session\Middleware->handle(Object(Illuminate\Http\Request), 1, true)
#7 /home/craig/www/smartadmin/vendor/laravel/framework/src/Illuminate/Cookie/Guard.php(51): Illuminate\Cookie\Queue->handle(Object(Illuminate\Http\Request), 1, true)
#8 /home/craig/www/smartadmin/vendor/stack/builder/src/Stack/StackedHttpKernel.php(23): Illuminate\Cookie\Guard->handle(Object(Illuminate\Http\Request), 1, true)
#9 /home/craig/www/smartadmin/vendor/laravel/framework/src/Illuminate/Foundation/Application.php(641): Stack\StackedHttpKernel->handle(Object(Illuminate\Http\Request))
#10 /home/craig/www/smartadmin/index.php(49): Illuminate\Foundation\Application->run()
#11 {main} [] []
[2014-10-13 02:25:11] production.ERROR: exception 'Symfony\Component\HttpKernel\Exception\NotFoundHttpException' in /home/craig/www/smartadmin/vendor/laravel/framework/src/Illuminate/Routing/RouteCollection.php:148
Stack trace:
#0 /home/craig/www/smartadmin/vendor/laravel/framework/src/Illuminate/Routing/Router.php(1049): Illuminate\Routing\RouteCollection->match(Object(Illuminate\Http\Request))
#1 /home/craig/www/smartadmin/vendor/laravel/framework/src/Illuminate/Routing/Router.php(1017): Illuminate\Routing\Router->findRoute(Object(Illuminate\Http\Request))
#2 /home/craig/www/smartadmin/vendor/laravel/framework/src/Illuminate/Routing/Router.php(996): Illuminate\Routing\Router->dispatchToRoute(Object(Illuminate\Http\Request))
#3 /home/craig/www/smartadmin/vendor/laravel/framework/src/Illuminate/Foundation/Application.php(775): Illuminate\Routing\Router->dispatch(Object(Illuminate\Http\Request))
#4 /home/craig/www/smartadmin/vendor/laravel/framework/src/Illuminate/Foundation/Application.php(745): Illuminate\Foundation\Application->dispatch(Object(Illuminate\Http\Request))
#5 /home/craig/www/smartadmin/vendor/laravel/framework/src/Illuminate/Session/Middleware.php(72): Illuminate\Foundation\Application->handle(Object(Illuminate\Http\Request), 1, true)
#6 /home/craig/www/smartadmin/vendor/laravel/framework/src/Illuminate/Cookie/Queue.php(47): Illuminate\Session\Middleware->handle(Object(Illuminate\Http\Request), 1, true)
#7 /home/craig/www/smartadmin/vendor/laravel/framework/src/Illuminate/Cookie/Guard.php(51): Illuminate\Cookie\Queue->handle(Object(Illuminate\Http\Request), 1, true)
#8 /home/craig/www/smartadmin/vendor/stack/builder/src/Stack/StackedHttpKernel.php(23): Illuminate\Cookie\Guard->handle(Object(Illuminate\Http\Request), 1, true)
#9 /home/craig/www/smartadmin/vendor/laravel/framework/src/Illuminate/Foundation/Application.php(641): Stack\StackedHttpKernel->handle(Object(Illuminate\Http\Request))
#10 /home/craig/www/smartadmin/index.php(49): Illuminate\Foundation\Application->run()
#11 {main} [] []
[2014-10-13 02:25:11] production.ERROR: exception 'Symfony\Component\HttpKernel\Exception\NotFoundHttpException' in /home/craig/www/smartadmin/vendor/laravel/framework/src/Illuminate/Routing/RouteCollection.php:148
Stack trace:
#0 /home/craig/www/smartadmin/vendor/laravel/framework/src/Illuminate/Routing/Router.php(1049): Illuminate\Routing\RouteCollection->match(Object(Illuminate\Http\Request))
#1 /home/craig/www/smartadmin/vendor/laravel/framework/src/Illuminate/Routing/Router.php(1017): Illuminate\Routing\Router->findRoute(Object(Illuminate\Http\Request))
#2 /home/craig/www/smartadmin/vendor/laravel/framework/src/Illuminate/Routing/Router.php(996): Illuminate\Routing\Router->dispatchToRoute(Object(Illuminate\Http\Request))
#3 /home/craig/www/smartadmin/vendor/laravel/framework/src/Illuminate/Foundation/Application.php(775): Illuminate\Routing\Router->dispatch(Object(Illuminate\Http\Request))
#4 /home/craig/www/smartadmin/vendor/laravel/framework/src/Illuminate/Foundation/Application.php(745): Illuminate\Foundation\Application->dispatch(Object(Illuminate\Http\Request))
#5 /home/craig/www/smartadmin/vendor/laravel/framework/src/Illuminate/Session/Middleware.php(72): Illuminate\Foundation\Application->handle(Object(Illuminate\Http\Request), 1, true)
#6 /home/craig/www/smartadmin/vendor/laravel/framework/src/Illuminate/Cookie/Queue.php(47): Illuminate\Session\Middleware->handle(Object(Illuminate\Http\Request), 1, true)
#7 /home/craig/www/smartadmin/vendor/laravel/framework/src/Illuminate/Cookie/Guard.php(51): Illuminate\Cookie\Queue->handle(Object(Illuminate\Http\Request), 1, true)
#8 /home/craig/www/smartadmin/vendor/stack/builder/src/Stack/StackedHttpKernel.php(23): Illuminate\Cookie\Guard->handle(Object(Illuminate\Http\Request), 1, true)
#9 /home/craig/www/smartadmin/vendor/laravel/framework/src/Illuminate/Foundation/Application.php(641): Stack\StackedHttpKernel->handle(Object(Illuminate\Http\Request))
#10 /home/craig/www/smartadmin/index.php(49): Illuminate\Foundation\Application->run()
#11 {main} [] []
[2014-10-13 02:25:11] production.ERROR: exception 'Symfony\Component\HttpKernel\Exception\NotFoundHttpException' in /home/craig/www/smartadmin/vendor/laravel/framework/src/Illuminate/Routing/RouteCollection.php:148
Stack trace:
#0 /home/craig/www/smartadmin/vendor/laravel/framework/src/Illuminate/Routing/Router.php(1049): Illuminate\Routing\RouteCollection->match(Object(Illuminate\Http\Request))
#1 /home/craig/www/smartadmin/vendor/laravel/framework/src/Illuminate/Routing/Router.php(1017): Illuminate\Routing\Router->findRoute(Object(Illuminate\Http\Request))
#2 /home/craig/www/smartadmin/vendor/laravel/framework/src/Illuminate/Routing/Router.php(996): Illuminate\Routing\Router->dispatchToRoute(Object(Illuminate\Http\Request))
#3 /home/craig/www/smartadmin/vendor/laravel/framework/src/Illuminate/Foundation/Application.php(775): Illuminate\Routing\Router->dispatch(Object(Illuminate\Http\Request))
#4 /home/craig/www/smartadmin/vendor/laravel/framework/src/Illuminate/Foundation/Application.php(745): Illuminate\Foundation\Application->dispatch(Object(Illuminate\Http\Request))
#5 /home/craig/www/smartadmin/vendor/laravel/framework/src/Illuminate/Session/Middleware.php(72): Illuminate\Foundation\Application->handle(Object(Illuminate\Http\Request), 1, true)
#6 /home/craig/www/smartadmin/vendor/laravel/framework/src/Illuminate/Cookie/Queue.php(47): Illuminate\Session\Middleware->handle(Object(Illuminate\Http\Request), 1, true)
#7 /home/craig/www/smartadmin/vendor/laravel/framework/src/Illuminate/Cookie/Guard.php(51): Illuminate\Cookie\Queue->handle(Object(Illuminate\Http\Request), 1, true)
#8 /home/craig/www/smartadmin/vendor/stack/builder/src/Stack/StackedHttpKernel.php(23): Illuminate\Cookie\Guard->handle(Object(Illuminate\Http\Request), 1, true)
#9 /home/craig/www/smartadmin/vendor/laravel/framework/src/Illuminate/Foundation/Application.php(641): Stack\StackedHttpKernel->handle(Object(Illuminate\Http\Request))
#10 /home/craig/www/smartadmin/index.php(49): Illuminate\Foundation\Application->run()
#11 {main} [] []
[2014-10-13 02:25:11] production.ERROR: exception 'Symfony\Component\HttpKernel\Exception\NotFoundHttpException' in /home/craig/www/smartadmin/vendor/laravel/framework/src/Illuminate/Routing/RouteCollection.php:148
Stack trace:
#0 /home/craig/www/smartadmin/vendor/laravel/framework/src/Illuminate/Routing/Router.php(1049): Illuminate\Routing\RouteCollection->match(Object(Illuminate\Http\Request))
#1 /home/craig/www/smartadmin/vendor/laravel/framework/src/Illuminate/Routing/Router.php(1017): Illuminate\Routing\Router->findRoute(Object(Illuminate\Http\Request))
#2 /home/craig/www/smartadmin/vendor/laravel/framework/src/Illuminate/Routing/Router.php(996): Illuminate\Routing\Router->dispatchToRoute(Object(Illuminate\Http\Request))
#3 /home/craig/www/smartadmin/vendor/laravel/framework/src/Illuminate/Foundation/Application.php(775): Illuminate\Routing\Router->dispatch(Object(Illuminate\Http\Request))
#4 /home/craig/www/smartadmin/vendor/laravel/framework/src/Illuminate/Foundation/Application.php(745): Illuminate\Foundation\Application->dispatch(Object(Illuminate\Http\Request))
#5 /home/craig/www/smartadmin/vendor/laravel/framework/src/Illuminate/Session/Middleware.php(72): Illuminate\Foundation\Application->handle(Object(Illuminate\Http\Request), 1, true)
#6 /home/craig/www/smartadmin/vendor/laravel/framework/src/Illuminate/Cookie/Queue.php(47): Illuminate\Session\Middleware->handle(Object(Illuminate\Http\Request), 1, true)
#7 /home/craig/www/smartadmin/vendor/laravel/framework/src/Illuminate/Cookie/Guard.php(51): Illuminate\Cookie\Queue->handle(Object(Illuminate\Http\Request), 1, true)
#8 /home/craig/www/smartadmin/vendor/stack/builder/src/Stack/StackedHttpKernel.php(23): Illuminate\Cookie\Guard->handle(Object(Illuminate\Http\Request), 1, true)
#9 /home/craig/www/smartadmin/vendor/laravel/framework/src/Illuminate/Foundation/Application.php(641): Stack\StackedHttpKernel->handle(Object(Illuminate\Http\Request))
#10 /home/craig/www/smartadmin/index.php(49): Illuminate\Foundation\Application->run()
#11 {main} [] []
[2014-10-13 02:25:11] production.ERROR: exception 'Symfony\Component\HttpKernel\Exception\NotFoundHttpException' in /home/craig/www/smartadmin/vendor/laravel/framework/src/Illuminate/Routing/RouteCollection.php:148
Stack trace:
#0 /home/craig/www/smartadmin/vendor/laravel/framework/src/Illuminate/Routing/Router.php(1049): Illuminate\Routing\RouteCollection->match(Object(Illuminate\Http\Request))
#1 /home/craig/www/smartadmin/vendor/laravel/framework/src/Illuminate/Routing/Router.php(1017): Illuminate\Routing\Router->findRoute(Object(Illuminate\Http\Request))
#2 /home/craig/www/smartadmin/vendor/laravel/framework/src/Illuminate/Routing/Router.php(996): Illuminate\Routing\Router->dispatchToRoute(Object(Illuminate\Http\Request))
#3 /home/craig/www/smartadmin/vendor/laravel/framework/src/Illuminate/Foundation/Application.php(775): Illuminate\Routing\Router->dispatch(Object(Illuminate\Http\Request))
#4 /home/craig/www/smartadmin/vendor/laravel/framework/src/Illuminate/Foundation/Application.php(745): Illuminate\Foundation\Application->dispatch(Object(Illuminate\Http\Request))
#5 /home/craig/www/smartadmin/vendor/laravel/framework/src/Illuminate/Session/Middleware.php(72): Illuminate\Foundation\Application->handle(Object(Illuminate\Http\Request), 1, true)
#6 /home/craig/www/smartadmin/vendor/laravel/framework/src/Illuminate/Cookie/Queue.php(47): Illuminate\Session\Middleware->handle(Object(Illuminate\Http\Request), 1, true)
#7 /home/craig/www/smartadmin/vendor/laravel/framework/src/Illuminate/Cookie/Guard.php(51): Illuminate\Cookie\Queue->handle(Object(Illuminate\Http\Request), 1, true)
#8 /home/craig/www/smartadmin/vendor/stack/builder/src/Stack/StackedHttpKernel.php(23): Illuminate\Cookie\Guard->handle(Object(Illuminate\Http\Request), 1, true)
#9 /home/craig/www/smartadmin/vendor/laravel/framework/src/Illuminate/Foundation/Application.php(641): Stack\StackedHttpKernel->handle(Object(Illuminate\Http\Request))
#10 /home/craig/www/smartadmin/index.php(49): Illuminate\Foundation\Application->run()
#11 {main} [] []
[2014-10-13 02:25:11] production.ERROR: exception 'Symfony\Component\HttpKernel\Exception\NotFoundHttpException' in /home/craig/www/smartadmin/vendor/laravel/framework/src/Illuminate/Routing/RouteCollection.php:148
Stack trace:
#0 /home/craig/www/smartadmin/vendor/laravel/framework/src/Illuminate/Routing/Router.php(1049): Illuminate\Routing\RouteCollection->match(Object(Illuminate\Http\Request))
#1 /home/craig/www/smartadmin/vendor/laravel/framework/src/Illuminate/Routing/Router.php(1017): Illuminate\Routing\Router->findRoute(Object(Illuminate\Http\Request))
#2 /home/craig/www/smartadmin/vendor/laravel/framework/src/Illuminate/Routing/Router.php(996): Illuminate\Routing\Router->dispatchToRoute(Object(Illuminate\Http\Request))
#3 /home/craig/www/smartadmin/vendor/laravel/framework/src/Illuminate/Foundation/Application.php(775): Illuminate\Routing\Router->dispatch(Object(Illuminate\Http\Request))
#4 /home/craig/www/smartadmin/vendor/laravel/framework/src/Illuminate/Foundation/Application.php(745): Illuminate\Foundation\Application->dispatch(Object(Illuminate\Http\Request))
#5 /home/craig/www/smartadmin/vendor/laravel/framework/src/Illuminate/Session/Middleware.php(72): Illuminate\Foundation\Application->handle(Object(Illuminate\Http\Request), 1, true)
#6 /home/craig/www/smartadmin/vendor/laravel/framework/src/Illuminate/Cookie/Queue.php(47): Illuminate\Session\Middleware->handle(Object(Illuminate\Http\Request), 1, true)
#7 /home/craig/www/smartadmin/vendor/laravel/framework/src/Illuminate/Cookie/Guard.php(51): Illuminate\Cookie\Queue->handle(Object(Illuminate\Http\Request), 1, true)
#8 /home/craig/www/smartadmin/vendor/stack/builder/src/Stack/StackedHttpKernel.php(23): Illuminate\Cookie\Guard->handle(Object(Illuminate\Http\Request), 1, true)
#9 /home/craig/www/smartadmin/vendor/laravel/framework/src/Illuminate/Foundation/Application.php(641): Stack\StackedHttpKernel->handle(Object(Illuminate\Http\Request))
#10 /home/craig/www/smartadmin/index.php(49): Illuminate\Foundation\Application->run()
#11 {main} [] []
